<?xml version="1.0" encoding="utf-8"?><testsuites name="pytest tests"><testsuite name="pytest" errors="0" failures="0" skipped="0" tests="10" time="3.200" timestamp="2026-01-09T00:31:42.648702+00:00" hostname="agent-env-7ae1ec06-d6e8-46b7-ad79-b6ede521f73c"><testcase classname="tests.test_password_reset.TestForgotPassword" name="test_forgot_password_valid_email" time="0.118" /><testcase classname="tests.test_password_reset.TestForgotPassword" name="test_forgot_password_nonexistent_email" time="0.040" /><testcase classname="tests.test_password_reset.TestForgotPassword" name="test_forgot_password_invalid_email_format" time="0.050" /><testcase classname="tests.test_password_reset.TestResetPassword" name="test_reset_password_invalid_token" time="0.042" /><testcase classname="tests.test_password_reset.TestResetPassword" name="test_reset_password_missing_token" time="0.081" /><testcase classname="tests.test_password_reset.TestResetPassword" name="test_reset_password_missing_password" time="0.035" /><testcase classname="tests.test_password_reset.TestCompletePasswordResetFlow" name="test_complete_password_reset_flow" time="1.436" /><testcase classname="tests.test_password_reset.TestCompletePasswordResetFlow" name="test_token_cannot_be_reused" time="0.901" /><testcase classname="tests.test_password_reset.TestAdminPasswordReset" name="test_admin_can_request_password_reset" time="0.043" /><testcase classname="tests.test_password_reset.TestAdminPasswordReset" name="test_admin_login_still_works" time="0.269" /></testsuite></testsuites>